<?xml version="1.0" encoding="UTF-8"?>
<!-- Generated by org.testng.reporters.JUnitReportReporter -->
<testsuite skipped="0" hostname="PC452946" name="org.goodReads.Test.TC002_GetBookNameBasedOnDescription" tests="1" failures="0" timestamp="2020-06-03T19:57:53 IST" time="34.101" errors="0">
  <testcase name="getBookNameBasedOnDescription" time="34.101" classname="org.goodReads.Test.TC002_GetBookNameBasedOnDescription"/>
  <system-out/>
</testsuite> <!-- org.goodReads.Test.TC002_GetBookNameBasedOnDescription -->
