<?xml version="1.0" encoding="UTF-8"?>
<!-- Generated by org.testng.reporters.JUnitReportReporter -->
<testsuite skipped="0" hostname="PC452946" name="org.goodReads.Test.TC001_GetLatestBookOfAuthor" tests="1" failures="0" timestamp="2020-06-03T15:04:16 IST" time="2.898" errors="0">
  <testcase name="getLatestBookOfAuthor" time="2.898" classname="org.goodReads.Test.TC001_GetLatestBookOfAuthor"/>
  <system-out/>
</testsuite> <!-- org.goodReads.Test.TC001_GetLatestBookOfAuthor -->
