<?xml version="1.0" encoding="UTF-8"?>
<!-- Generated by org.testng.reporters.JUnitReportReporter -->
<testsuite skipped="0" hostname="PC452946" name="org.goodReads.test.GetLatestBookOfAuthor" tests="1" failures="0" timestamp="2020-06-04T02:06:49 IST" time="3.033" errors="0">
  <testcase name="getLatestBookOfAuthor" time="3.033" classname="org.goodReads.test.GetLatestBookOfAuthor"/>
  <system-out/>
</testsuite> <!-- org.goodReads.test.GetLatestBookOfAuthor -->
