<?xml version="1.0" encoding="UTF-8"?>
<!-- Generated by org.testng.reporters.JUnitReportReporter -->
<testsuite skipped="0" hostname="PC452946" name="org.goodReads.test.GetBookNameBasedOnDescription" tests="1" failures="0" timestamp="2020-06-04T04:00:19 IST" time="35.040" errors="0">
  <testcase name="getBookNameBasedOnDescription" time="35.040" classname="org.goodReads.test.GetBookNameBasedOnDescription"/>
  <system-out/>
</testsuite> <!-- org.goodReads.test.GetBookNameBasedOnDescription -->
