<?xml version="1.0" encoding="UTF-8"?>
<!-- Generated by org.testng.reporters.JUnitReportReporter -->
<testsuite skipped="0" hostname="PC452946" name="org.goodReads.test.GetNameOfBookePrizeWinner" tests="1" failures="0" timestamp="2020-06-04T01:56:16 IST" time="34.524" errors="0">
  <testcase name="getNameOfBookePrizeWinner" time="34.524" classname="org.goodReads.test.GetNameOfBookePrizeWinner"/>
  <system-out/>
</testsuite> <!-- org.goodReads.test.GetNameOfBookePrizeWinner -->
