<?xml version="1.0" encoding="UTF-8"?>
<!-- Generated by org.testng.reporters.JUnitReportReporter -->
<testsuite skipped="0" hostname="PC452946" name="org.goodReads.test.GetBookNameOfBookerPrizeWinner" tests="1" failures="0" timestamp="2020-06-04T02:06:49 IST" time="35.206" errors="0">
  <testcase name="getNameOfBookePrizeWinner" time="35.206" classname="org.goodReads.test.GetBookNameOfBookerPrizeWinner"/>
  <system-out/>
</testsuite> <!-- org.goodReads.test.GetBookNameOfBookerPrizeWinner -->
